\BOOKMARK [0][]{chapter*.1}{\376\377\000M\036\344\000C\000\040\000L\036\344\000C}{}% 1
\BOOKMARK [0][]{chapter*.2}{\376\377\000D\000A\000N\000H\000\040\000M\036\344\000C\000\040\000T\036\352\000\040\000V\000I\036\276\000T\000\040\000T\036\256\000T}{}% 2
\BOOKMARK [0][]{chapter*.3}{\376\377\000D\000A\000N\000H\000\040\000M\036\344\000C\000\040\000H\000\314\000N\000H\000\040\000V\036\274}{}% 3
\BOOKMARK [0][]{chapter*.4}{\376\377\000D\000A\000N\000H\000\040\000M\036\344\000C\000\040\000B\000A\000N\000G}{}% 4
\BOOKMARK [0][]{chapter*.5}{\376\377\000M\036\336\000\040\001\020\036\246\000U}{}% 5
\BOOKMARK [0][]{chapter.1}{\376\377\000C\000H\000N\000G\000\040\0001\000:\000\040\000G\000I\036\332\000I\000\040\000T\000H\000I\036\306\000U\000\040\001\020\036\300\000\040\000T\000\300\000I}{}% 6
\BOOKMARK [1][]{section.1.1}{\376\377\0001\000.\0001\000\040\000T\000\352\000n\000\040\001\021\036\301\000\040\000t\000\340\000i}{chapter.1}% 7
\BOOKMARK [1][]{section.1.2}{\376\377\0001\000.\0002\000\040\000T\036\353\000\040\000k\000h\000\363\000a}{chapter.1}% 8
\BOOKMARK [1][]{section.1.3}{\376\377\0001\000.\0003\000\040\000N\036\331\000i\000\040\000d\000u\000n\000g\000\040\000v\000\340\000\040\000g\000i\036\333\000i\000\040\000h\036\241\000n\000\040\000c\036\347\000a\000\040\001\021\036\301\000\040\000t\000\340\000i}{chapter.1}% 9
\BOOKMARK [2][]{subsection.1.3.1}{\376\377\0001\000.\0003\000.\0001\000\040\000N\036\331\000i\000\040\000d\000u\000n\000g\000\040\000c\036\347\000a\000\040\001\021\036\301\000\040\000t\000\340\000i}{section.1.3}% 10
\BOOKMARK [2][]{subsection.1.3.2}{\376\377\0001\000.\0003\000.\0002\000\040\000G\000i\036\333\000i\000\040\000h\036\241\000n\000\040\000c\036\347\000a\000\040\001\021\036\301\000\040\000t\000\340\000i}{section.1.3}% 11
\BOOKMARK [1][]{section.1.4}{\376\377\0001\000.\0004\000\040\000C\036\245\000u\000\040\000t\000r\000\372\000c\000\040\000b\000\341\000o\000\040\000c\000\341\000o}{chapter.1}% 12
\BOOKMARK [0][]{chapter.2}{\376\377\000C\000H\000N\000G\000\040\0002\000:\000\040\000K\000I\036\276\000N\000\040\000T\000H\036\350\000C\000\040\000N\036\300\000N\000\040\000T\036\242\000N\000G\000\040\000V\000\300\000\040\000K\000H\036\242\000O\000\040\000S\000\301\000T}{}% 13
\BOOKMARK [1][]{section.2.1}{\376\377\0002\000.\0001\000\040\000T\036\325\000n\000g\000\040\000q\000u\000a\000n\000\040\000v\036\301\000\040\000m\036\241\000n\000g\000\040\000W\000i\000F\000i}{chapter.2}% 14
\BOOKMARK [2][]{subsection.2.1.1}{\376\377\0002\000.\0001\000.\0001\000\040\000G\000i\036\333\000i\000\040\000t\000h\000i\036\307\000u}{section.2.1}% 15
\BOOKMARK [2][]{subsection.2.1.2}{\376\377\0002\000.\0001\000.\0002\000\040\000C\000\341\000c\000\040\000m\000\364\000\040\000h\000\354\000n\000h\000\040\000m\036\241\000n\000g}{section.2.1}% 16
\BOOKMARK [3][]{subsubsection.2.1.2.1}{\376\377\0002\000.\0001\000.\0002\000.\0001\000\040\000C\000\341\000c\000\040\000t\000h\000\340\000n\000h\000\040\000p\000h\036\247\000n\000\040\000c\000h\000\355\000n\000h}{subsection.2.1.2}% 17
\BOOKMARK [3][]{subsubsection.2.1.2.2}{\376\377\0002\000.\0001\000.\0002\000.\0002\000\040\000C\000\341\000c\000\040\000m\000\364\000\040\000h\000\354\000n\000h\000\040\000m\036\241\000n\000g}{subsection.2.1.2}% 18
\BOOKMARK [2][]{subsection.2.1.3}{\376\377\0002\000.\0001\000.\0003\000\040\000K\000h\000u\000n\000g\000\040\000q\000u\036\243\000n\000\040\000l\000\375}{section.2.1}% 19
\BOOKMARK [2][]{subsection.2.1.4}{\376\377\0002\000.\0001\000.\0004\000\040\000X\000\341\000c\000\040\000t\000h\036\361\000c\000\040\000v\000\340\000\040\000l\000i\000\352\000n\000\040\000k\036\277\000t}{section.2.1}% 20
\BOOKMARK [2][]{subsection.2.1.5}{\376\377\0002\000.\0001\000.\0005\000\040\000C\000\341\000c\000\040\000t\000i\000\352\000u\000\040\000c\000h\000u\036\251\000n\000\040\000m\000\343\000\040\000h\000\363\000a}{section.2.1}% 21
\BOOKMARK [3][]{subsubsection.2.1.5.1}{\376\377\0002\000.\0001\000.\0005\000.\0001\000\040\000W\000E\000P}{subsection.2.1.5}% 22
\BOOKMARK [3][]{subsubsection.2.1.5.2}{\376\377\0002\000.\0001\000.\0005\000.\0002\000\040\000W\000P\000A}{subsection.2.1.5}% 23
\BOOKMARK [3][]{subsubsection.2.1.5.3}{\376\377\0002\000.\0001\000.\0005\000.\0003\000\040\000W\000P\000A\0002}{subsection.2.1.5}% 24
\BOOKMARK [2][]{subsection.2.1.6}{\376\377\0002\000.\0001\000.\0006\000\040\000C\000\341\000c\000\040\000t\036\245\000n\000\040\000c\000\364\000n\000g\000\040\000t\000r\000o\000n\000g\000\040\000m\036\241\000n\000g\000\040\000W\000i\000F\000i}{section.2.1}% 25
\BOOKMARK [3][]{subsubsection.2.1.6.1}{\376\377\0002\000.\0001\000.\0006\000.\0001\000\040\000G\000i\036\243\000\040\000m\036\241\000o\000\040\001\021\036\313\000a\000\040\000c\000h\036\311\000\040\000M\000A\000C}{subsection.2.1.6}% 26
\BOOKMARK [3][]{subsubsection.2.1.6.2}{\376\377\0002\000.\0001\000.\0006\000.\0002\000\040\000T\036\245\000n\000\040\000c\000\364\000n\000g\000\040\000t\036\353\000\040\000c\000h\036\321\000i\000\040\000d\036\313\000c\000h\000\040\000v\036\345}{subsection.2.1.6}% 27
\BOOKMARK [3][]{subsubsection.2.1.6.3}{\376\377\0002\000.\0001\000.\0006\000.\0003\000\040\000M\000a\000n\000-\000i\000n\000-\000t\000h\000e\000-\000m\000i\000d\000d\000l\000e}{subsection.2.1.6}% 28
\BOOKMARK [3][]{subsubsection.2.1.6.4}{\376\377\0002\000.\0001\000.\0006\000.\0004\000\040\000B\000r\000u\000t\000e\000\040\000f\000o\000r\000c\000e\000\040\000W\000P\000S}{subsection.2.1.6}% 29
\BOOKMARK [1][]{section.2.2}{\376\377\0002\000.\0002\000\040\000H\036\307\000\040\000t\000h\036\321\000n\000g\000\040\000p\000h\000\341\000t\000\040\000h\000i\036\307\000n\000\040\000x\000\342\000m\000\040\000n\000h\036\255\000p}{chapter.2}% 30
\BOOKMARK [2][]{subsection.2.2.1}{\376\377\0002\000.\0002\000.\0001\000\040\000T\036\325\000n\000g\000\040\000q\000u\000a\000n}{section.2.2}% 31
\BOOKMARK [2][]{subsection.2.2.2}{\376\377\0002\000.\0002\000.\0002\000\040\000C\000\341\000c\000\040\000t\000h\000\340\000n\000h\000\040\000p\000h\036\247\000n}{section.2.2}% 32
\BOOKMARK [2][]{subsection.2.2.3}{\376\377\0002\000.\0002\000.\0003\000\040\000C\000\341\000c\000\040\000c\000h\036\351\000c\000\040\000n\001\003\000n\000g\000\040\000c\000h\000\355\000n\000h}{section.2.2}% 33
\BOOKMARK [2][]{subsection.2.2.4}{\376\377\0002\000.\0002\000.\0004\000\040\000C\000\341\000c\000\040\000p\000h\001\260\001\241\000n\000g\000\040\000p\000h\000\341\000p\000\040\000p\000h\000\341\000t\000\040\000h\000i\036\307\000n\000\040\000p\000h\036\325\000\040\000b\000i\036\277\000n}{section.2.2}% 34
\BOOKMARK [3][]{subsubsection.2.2.4.1}{\376\377\0002\000.\0002\000.\0004\000.\0001\000\040\000P\000h\000\341\000t\000\040\000h\000i\036\307\000n\000\040\000d\036\361\000a\000\040\000t\000r\000\352\000n\000\040\000c\000h\036\357\000\040\000k\000\375}{subsection.2.2.4}% 35
\BOOKMARK [3][]{subsubsection.2.2.4.2}{\376\377\0002\000.\0002\000.\0004\000.\0002\000\040\000P\000h\000\341\000t\000\040\000h\000i\036\307\000n\000\040\000d\036\361\000a\000\040\000t\000r\000\352\000n\000\040\000s\036\361\000\040\000b\036\245\000t\000\040\000t\000h\001\260\036\335\000n\000g}{subsection.2.2.4}% 36
\BOOKMARK [3][]{subsubsection.2.2.4.3}{\376\377\0002\000.\0002\000.\0004\000.\0003\000\040\000P\000h\000\342\000n\000\040\000t\000\355\000c\000h\000\040\000g\000i\000a\000o\000\040\000t\000h\036\351\000c\000\040\000c\000\363\000\040\000t\000r\036\241\000n\000g\000\040\000t\000h\000\341\000i}{subsection.2.2.4}% 37
\BOOKMARK [2][]{subsection.2.2.5}{\376\377\0002\000.\0002\000.\0005\000\040\000P\000h\000\342\000n\000\040\000l\000o\036\241\000i}{section.2.2}% 38
\BOOKMARK [3][]{subsubsection.2.2.5.1}{\376\377\0002\000.\0002\000.\0005\000.\0001\000\040\000H\036\307\000\040\000t\000h\036\321\000n\000g\000\040\000p\000h\000\341\000t\000\040\000h\000i\036\307\000n\000\040\000x\000\342\000m\000\040\000n\000h\036\255\000p\000\040\000m\036\241\000n\000g}{subsection.2.2.5}% 39
\BOOKMARK [3][]{subsubsection.2.2.5.2}{\376\377\0002\000.\0002\000.\0005\000.\0002\000\040\000H\036\307\000\040\000t\000h\036\321\000n\000g\000\040\000p\000h\000\341\000t\000\040\000h\000i\036\307\000n\000\040\000x\000\342\000m\000\040\000n\000h\036\255\000p\000\040\000m\000\341\000y\000\040\000c\000h\036\347}{subsection.2.2.5}% 40
\BOOKMARK [1][]{section.2.3}{\376\377\0002\000.\0003\000\040\000H\036\307\000\040\000t\000h\036\321\000n\000g\000\040\000p\000h\000\341\000t\000\040\000h\000i\036\307\000n\000\040\000x\000\342\000m\000\040\000n\000h\036\255\000p\000\040\000m\036\241\000n\000g\000\040\000k\000h\000\364\000n\000g\000\040\000d\000\342\000y}{chapter.2}% 41
\BOOKMARK [2][]{subsection.2.3.1}{\376\377\0002\000.\0003\000.\0001\000\040\000G\000i\036\333\000i\000\040\000t\000h\000i\036\307\000u}{section.2.3}% 42
\BOOKMARK [2][]{subsection.2.3.2}{\376\377\0002\000.\0003\000.\0002\000\040\000C\000\341\000c\000\040\000t\000h\000\340\000n\000h\000\040\000p\000h\036\247\000n\000\040\000v\000\340\000\040\000k\000i\036\277\000n\000\040\000t\000r\000\372\000c}{section.2.3}% 43
\BOOKMARK [3][]{subsubsection.2.3.2.1}{\376\377\0002\000.\0003\000.\0002\000.\0001\000\040\000C\000\341\000c\000\040\000t\000h\000\340\000n\000h\000\040\000p\000h\036\247\000n\000\040\000c\000h\000\355\000n\000h}{subsection.2.3.2}% 44
\BOOKMARK [3][]{subsubsection.2.3.2.2}{\376\377\0002\000.\0003\000.\0002\000.\0002\000\040\000K\000i\036\277\000n\000\040\000t\000r\000\372\000c\000\040\000m\036\241\000n\000g}{subsection.2.3.2}% 45
\BOOKMARK [2][]{subsection.2.3.3}{\376\377\0002\000.\0003\000.\0003\000\040\000C\000\341\000c\000\040\000t\000\355\000n\000h\000\040\000n\001\003\000n\000g\000\040\000b\036\243\000o\000\040\000m\036\255\000t}{section.2.3}% 46
\BOOKMARK [3][]{subsubsection.2.3.3.1}{\376\377\0002\000.\0003\000.\0003\000.\0001\000\040\000T\000h\000u\000\040\000t\000h\036\255\000p\000\040\000t\000h\000\364\000n\000g\000\040\000t\000i\000n}{subsection.2.3.3}% 47
\BOOKMARK [3][]{subsubsection.2.3.3.2}{\376\377\0002\000.\0003\000.\0003\000.\0002\000\040\000G\000h\000i\000\040\000n\000h\036\255\000t\000\040\000k\000\375}{subsection.2.3.3}% 48
\BOOKMARK [3][]{subsubsection.2.3.3.3}{\376\377\0002\000.\0003\000.\0003\000.\0003\000\040\000P\000h\000\341\000t\000\040\000h\000i\036\307\000n\000\040\000x\000\342\000m\000\040\000n\000h\036\255\000p}{subsection.2.3.3}% 49
\BOOKMARK [3][]{subsubsection.2.3.3.4}{\376\377\0002\000.\0003\000.\0003\000.\0004\000\040\000K\000h\036\243\000\040\000n\001\003\000n\000g\000\040\000q\000u\036\243\000n\000\040\000l\000\375}{subsection.2.3.3}% 50
\BOOKMARK [1][]{section.2.4}{\376\377\0002\000.\0004\000\040\000C\000\341\000c\000\040\000h\036\307\000\040\000t\000h\036\321\000n\000g\000\040\001\021\000\343\000\040\001\021\001\260\036\343\000c\000\040\000p\000h\000\341\000t\000\040\000t\000r\000i\036\303\000n}{chapter.2}% 51
\BOOKMARK [2][]{subsection.2.4.1}{\376\377\0002\000.\0004\000.\0001\000\040\000C\000i\000s\000c\000o\000\040\000U\000n\000i\000f\000i\000e\000d\000\040\000W\000i\000r\000e\000l\000e\000s\000s\000\040\000N\000e\000t\000w\000o\000r\000k}{section.2.4}% 52
\BOOKMARK [2][]{subsection.2.4.2}{\376\377\0002\000.\0004\000.\0002\000\040\000A\000i\000r\000M\000a\000g\000n\000e\000t\000\040\000E\000n\000t\000e\000r\000p\000r\000i\000s\000e}{section.2.4}% 53
\BOOKMARK [2][]{subsection.2.4.3}{\376\377\0002\000.\0004\000.\0003\000\040\000S\000n\000o\000r\000t\000\040\000W\000i\000r\000e\000l\000e\000s\000s}{section.2.4}% 54
\BOOKMARK [2][]{subsection.2.4.4}{\376\377\0002\000.\0004\000.\0004\000\040\000Q\000u\000a\000d\000r\000a\000n\000t\000\040\000I\000n\000f\000o\000r\000m\000a\000t\000i\000o\000n\000\040\000S\000e\000c\000u\000r\000i\000t\000y}{section.2.4}% 55
\BOOKMARK [1][]{section.2.5}{\376\377\0002\000.\0005\000\040\000K\000i\000s\000m\000e\000t\000\040\000W\000i\000r\000e\000l\000e\000s\000s}{chapter.2}% 56
\BOOKMARK [2][]{subsection.2.5.1}{\376\377\0002\000.\0005\000.\0001\000\040\000G\000i\036\333\000i\000\040\000t\000h\000i\036\307\000u}{section.2.5}% 57
\BOOKMARK [2][]{subsection.2.5.2}{\376\377\0002\000.\0005\000.\0002\000\040\000K\000i\036\277\000n\000\040\000t\000r\000\372\000c\000\040\000c\036\347\000a\000\040\000K\000i\000s\000m\000e\000t}{section.2.5}% 58
\BOOKMARK [2][]{subsection.2.5.3}{\376\377\0002\000.\0005\000.\0003\000\040\000C\000\341\000c\000\040\000c\036\243\000n\000h\000\040\000b\000\341\000o\000\040\000c\036\347\000a\000\040\000K\000i\000s\000m\000e\000t}{section.2.5}% 59
\BOOKMARK [1][]{section.2.6}{\376\377\0002\000.\0006\000\040\000S\000n\000o\000r\000t}{chapter.2}% 60
\BOOKMARK [2][]{subsection.2.6.1}{\376\377\0002\000.\0006\000.\0001\000\040\000G\000i\036\333\000i\000\040\000t\000h\000i\036\307\000u}{section.2.6}% 61
\BOOKMARK [2][]{subsection.2.6.2}{\376\377\0002\000.\0006\000.\0002\000\040\000K\000i\036\277\000n\000\040\000t\000r\000\372\000c\000\040\000c\036\347\000a\000\040\000S\000n\000o\000r\000t}{section.2.6}% 62
\BOOKMARK [2][]{subsection.2.6.3}{\376\377\0002\000.\0006\000.\0003\000\040\000T\036\255\000p\000\040\000l\000u\036\255\000t}{section.2.6}% 63
\BOOKMARK [3][]{subsubsection.2.6.3.1}{\376\377\0002\000.\0006\000.\0003\000.\0001\000\040\000T\000i\000\352\000u\000\040\001\021\036\301\000\040\000l\000u\036\255\000t}{subsection.2.6.3}% 64
\BOOKMARK [3][]{subsubsection.2.6.3.2}{\376\377\0002\000.\0006\000.\0003\000.\0002\000\040\000C\000\341\000c\000\040\000t\000\371\000y\000\040\000c\000h\036\315\000n\000\040\000l\000u\036\255\000t}{subsection.2.6.3}% 65
\BOOKMARK [1][]{section.2.7}{\376\377\0002\000.\0007\000\040\000H\036\307\000\040\001\021\000i\036\301\000u\000\040\000h\000\340\000n\000h\000\040\000O\000p\000e\000n\000W\000r\000t}{chapter.2}% 66
\BOOKMARK [2][]{subsection.2.7.1}{\376\377\0002\000.\0007\000.\0001\000\040\000G\000i\036\333\000i\000\040\000t\000h\000i\036\307\000u}{section.2.7}% 67
\BOOKMARK [2][]{subsection.2.7.2}{\376\377\0002\000.\0007\000.\0002\000\040\000M\000\364\000i\000\040\000t\000r\001\260\036\335\000n\000g\000\040\000O\000p\000e\000n\000W\000r\000t\000\040\000B\000u\000i\000l\000d\000r\000o\000o\000t}{section.2.7}% 68
\BOOKMARK [1][]{section.2.8}{\376\377\0002\000.\0008\000\040\000K\036\277\000t\000\040\000c\000h\001\260\001\241\000n\000g}{chapter.2}% 69
\BOOKMARK [0][]{chapter.3}{\376\377\000C\000H\000N\000G\000\040\0003\000:\000\040\000T\000H\000I\036\276\000T\000\040\000K\036\276\000\040\000H\036\306\000\040\000T\000H\036\320\000N\000G}{}% 70
\BOOKMARK [1][]{section.3.1}{\376\377\0003\000.\0001\000\040\000H\001\260\036\333\000n\000g\000\040\000t\000i\036\277\000p\000\040\000c\036\255\000n}{chapter.3}% 71
\BOOKMARK [1][]{section.3.2}{\376\377\0003\000.\0002\000\040\000C\000\341\000c\000\040\000t\000h\000\340\000n\000h\000\040\000p\000h\036\247\000n\000\040\000c\000h\000\355\000n\000h}{chapter.3}% 72
\BOOKMARK [1][]{section.3.3}{\376\377\0003\000.\0003\000\040\000T\000h\000i\036\277\000t\000\040\000k\036\277\000\040\000v\000\340\000\040\000h\000o\036\241\000t\000\040\001\021\036\331\000n\000g}{chapter.3}% 73
\BOOKMARK [2][]{subsection.3.3.1}{\376\377\0003\000.\0003\000.\0001\000\040\000T\000h\000i\036\277\000t\000\040\000b\036\313\000\040\000A\000c\000c\000e\000s\000s\000\040\000P\000o\000i\000n\000t}{section.3.3}% 74
\BOOKMARK [3][]{subsubsection.3.3.1.1}{\376\377\0003\000.\0003\000.\0001\000.\0001\000\040\000T\036\325\000n\000g\000\040\000q\000u\000a\000n}{subsection.3.3.1}% 75
\BOOKMARK [3][]{subsubsection.3.3.1.2}{\376\377\0003\000.\0003\000.\0001\000.\0002\000\040\000P\000h\001\260\001\241\000n\000g\000\040\000p\000h\000\341\000p\000\040\000t\000h\000u\000\040\000t\000h\036\255\000p\000\040\000c\000\341\000c\000\040\000k\000h\000u\000n\000g}{subsection.3.3.1}% 76
\BOOKMARK [3][]{subsubsection.3.3.1.3}{\376\377\0003\000.\0003\000.\0001\000.\0003\000\040\000P\000h\001\260\001\241\000n\000g\000\040\000p\000h\000\341\000p\000\040\000s\000a\000o\000\040\000c\000h\000\351\000p\000\040\000l\001\260\000u\000\040\000l\001\260\036\343\000n\000g\000\040\000k\000h\000\364\000n\000g\000\040\000d\000\342\000y}{subsection.3.3.1}% 77
\BOOKMARK [2][]{subsection.3.3.2}{\376\377\0003\000.\0003\000.\0002\000\040\000T\000h\000i\036\277\000t\000\040\000b\036\313\000\040\000m\000\341\000y\000\040\000t\000\355\000n\000h\000\040\000n\000h\000\372\000n\000g\000\040\000R\000a\000s\000p\000b\000e\000r\000r\000y\000\040\000P\000i}{section.3.3}% 78
\BOOKMARK [3][]{subsubsection.3.3.2.1}{\376\377\0003\000.\0003\000.\0002\000.\0001\000\040\000T\036\325\000n\000g\000\040\000q\000u\000a\000n}{subsection.3.3.2}% 79
\BOOKMARK [3][]{subsubsection.3.3.2.2}{\376\377\0003\000.\0003\000.\0002\000.\0002\000\040\000L\000u\036\323\000n\000g\000\040\000x\036\355\000\040\000l\000\375\000\040\000d\036\357\000\040\000l\000i\036\307\000u\000\040\000c\036\347\000a\000\040\000K\000i\000s\000m\000e\000t}{subsection.3.3.2}% 80
\BOOKMARK [3][]{subsubsection.3.3.2.3}{\376\377\0003\000.\0003\000.\0002\000.\0003\000\040\000L\000u\036\323\000n\000g\000\040\000x\036\355\000\040\000l\000\375\000\040\000d\036\357\000\040\000l\000i\036\307\000u\000\040\000c\036\347\000a\000\040\000S\000n\000o\000r\000t}{subsection.3.3.2}% 81
\BOOKMARK [2][]{subsection.3.3.3}{\376\377\0003\000.\0003\000.\0003\000\040\000P\000h\036\247\000n\000\040\000m\036\301\000m\000\040\000q\000u\036\243\000n\000\040\000l\000\375\000\040\000s\036\361\000\040\000k\000i\036\307\000n\000\040\000a\000n\000\040\000n\000i\000n\000h}{section.3.3}% 82
\BOOKMARK [1][]{section.3.4}{\376\377\0003\000.\0004\000\040\000K\036\277\000t\000\040\000c\000h\001\260\001\241\000n\000g}{chapter.3}% 83
\BOOKMARK [0][]{chapter.4}{\376\377\000C\000H\000N\000G\000\040\0004\000:\000\040\000H\000I\036\306\000N\000\040\000T\000H\036\360\000C\000\040\000H\036\306\000\040\000T\000H\036\320\000N\000G}{}% 84
\BOOKMARK [1][]{section.4.1}{\376\377\0004\000.\0001\000\040\000M\000\364\000\040\000h\000\354\000n\000h\000\040\000t\000r\000i\036\303\000n\000\040\000k\000h\000a\000i}{chapter.4}% 85
\BOOKMARK [1][]{section.4.2}{\376\377\0004\000.\0002\000\040\000T\000r\000i\036\303\000n\000\040\000k\000h\000a\000i\000\040\000h\036\307\000\040\000t\000h\036\321\000n\000g}{chapter.4}% 86
\BOOKMARK [2][]{subsection.4.2.1}{\376\377\0004\000.\0002\000.\0001\000\040\000X\000\342\000y\000\040\000d\036\361\000n\000g\000\040\000v\000\340\000\040\000c\000\340\000i\000\040\001\021\036\267\000t\000\040\000O\000p\000e\000n\000W\000r\000t\000\040\000c\000h\000o\000\040\000A\000P}{section.4.2}% 87
\BOOKMARK [2][]{subsection.4.2.2}{\376\377\0004\000.\0002\000.\0002\000\040\000C\000\340\000i\000\040\001\021\036\267\000t\000\040\000c\000\341\000c\000\040\000t\000h\000\340\000n\000h\000\040\000p\000h\036\247\000n\000\040\000c\000h\000o\000\040\000I\000D\000S\000\040\000S\000e\000r\000v\000e\000r}{section.4.2}% 88
\BOOKMARK [1][]{section.4.3}{\376\377\0004\000.\0003\000\040\000K\000i\036\303\000m\000\040\000t\000h\036\355\000\040\000h\036\307\000\040\000t\000h\036\321\000n\000g}{chapter.4}% 89
\BOOKMARK [2][]{subsection.4.3.1}{\376\377\0004\000.\0003\000.\0001\000\040\000P\000h\001\260\001\241\000n\000g\000\040\000p\000h\000\341\000p\000\040\000v\000\340\000\040\000k\036\313\000c\000h\000\040\000b\036\243\000n}{section.4.3}% 90
\BOOKMARK [2][]{subsection.4.3.2}{\376\377\0004\000.\0003\000.\0002\000\040\000K\000i\036\303\000m\000\040\000t\000h\036\355\000\040\000c\000h\036\351\000c\000\040\000n\001\003\000n\000g}{section.4.3}% 91
\BOOKMARK [2][]{subsection.4.3.3}{\376\377\0004\000.\0003\000.\0003\000\040\001\020\000o\000\040\000t\000h\036\335\000i\000\040\000g\000i\000a\000n\000\040\000p\000h\036\243\000n\000\040\000h\036\323\000i}{section.4.3}% 92
\BOOKMARK [1][]{section.4.4}{\376\377\0004\000.\0004\000\040\000K\036\277\000t\000\040\000q\000u\036\243\000\040\000k\000i\036\303\000m\000\040\000t\000h\036\355}{chapter.4}% 93
\BOOKMARK [2][]{subsection.4.4.1}{\376\377\0004\000.\0004\000.\0001\000\040\000M\036\331\000t\000\040\000s\036\321\000\040\000h\000\354\000n\000h\000\040\036\243\000n\000h\000\040\000g\000i\000a\000o\000\040\000d\000i\036\307\000n\000\040\000S\000n\000o\000r\000b\000y}{section.4.4}% 94
\BOOKMARK [2][]{subsection.4.4.2}{\376\377\0004\000.\0004\000.\0002\000\040\000K\000i\036\303\000m\000\040\000t\000h\036\355\000\040\000c\000h\036\351\000c\000\040\000n\001\003\000n\000g}{section.4.4}% 95
\BOOKMARK [2][]{subsection.4.4.3}{\376\377\0004\000.\0004\000.\0003\000\040\001\020\000o\000\040\000t\000h\036\335\000i\000\040\000g\000i\000a\000n\000\040\000p\000h\036\243\000n\000\040\000h\036\323\000i}{section.4.4}% 96
\BOOKMARK [1][]{section.4.5}{\376\377\0004\000.\0005\000\040\000T\036\325\000n\000g\000\040\000k\036\277\000t\000\040\000v\000\340\000\040\001\021\000\341\000n\000h\000\040\000g\000i\000\341\000\040\000h\036\307\000\040\000t\000h\036\321\000n\000g}{chapter.4}% 97
\BOOKMARK [0][]{chapter.5}{\376\377\000C\000H\000N\000G\000\040\0005\000:\000\040\000K\036\276\000T\000\040\000L\000U\036\254\000N\000\040\000V\000\300\000\040\000H\001\257\036\332\000N\000G\000\040\000P\000H\000\301\000T\000\040\000T\000R\000I\036\302\000N}{}% 98
\BOOKMARK [1][]{section.5.1}{\376\377\0005\000.\0001\000\040\000K\036\277\000t\000\040\000l\000u\036\255\000n}{chapter.5}% 99
\BOOKMARK [1][]{section.5.2}{\376\377\0005\000.\0002\000\040\000H\001\260\036\333\000n\000g\000\040\000p\000h\000\341\000t\000\040\000t\000r\000i\036\303\000n}{chapter.5}% 100
\BOOKMARK [0][]{chapter*.18}{\376\377\000T\000\300\000I\000\040\000L\000I\036\306\000U\000\040\000T\000H\000A\000M\000\040\000K\000H\036\242\000O}{}% 101
\BOOKMARK [0][]{appendix*.19}{\376\377\000P\000H\036\344\000\040\000L\036\344\000C\000\040\000A}{}% 102
\BOOKMARK [0][]{appendix*.22}{\376\377\000P\000H\036\344\000\040\000L\036\344\000C\000\040\000B}{}% 103
